[2025-09-25 17:22:47] Existing statuses: Array
(
    [0] => Array
        (
            [status] => delivered
        )

    [1] => Array
        (
            [status] => cancelled
        )

    [2] => Array
        (
            [status] => processing
        )

    [3] => Array
        (
            [status] => shipped
        )

    [4] => Array
        (
            [status] => pending
        )

)

[2025-09-25 17:22:47] Status counts: Array
(
    [0] => Array
        (
            [status] => pending
            [count] => 1
        )

    [1] => Array
        (
            [status] => processing
            [count] => 4
        )

    [2] => Array
        (
            [status] => shipped
            [count] => 2
        )

    [3] => Array
        (
            [status] => delivered
            [count] => 49
        )

    [4] => Array
        (
            [status] => cancelled
            [count] => 30
        )

)

[2025-09-25 17:22:47] Existing statuses: Array
(
    [0] => Array
        (
            [status] => delivered
        )

    [1] => Array
        (
            [status] => cancelled
        )

    [2] => Array
        (
            [status] => processing
        )

    [3] => Array
        (
            [status] => shipped
        )

    [4] => Array
        (
            [status] => pending
        )

)

[2025-09-25 17:22:47] Status counts: Array
(
    [0] => Array
        (
            [status] => pending
            [count] => 1
        )

    [1] => Array
        (
            [status] => processing
            [count] => 4
        )

    [2] => Array
        (
            [status] => shipped
            [count] => 2
        )

    [3] => Array
        (
            [status] => delivered
            [count] => 49
        )

    [4] => Array
        (
            [status] => cancelled
            [count] => 30
        )

)

[2025-09-25 17:22:50] Existing statuses: Array
(
    [0] => Array
        (
            [status] => delivered
        )

    [1] => Array
        (
            [status] => cancelled
        )

    [2] => Array
        (
            [status] => processing
        )

    [3] => Array
        (
            [status] => shipped
        )

    [4] => Array
        (
            [status] => pending
        )

)

[2025-09-25 17:22:50] Status counts: Array
(
    [0] => Array
        (
            [status] => pending
            [count] => 1
        )

    [1] => Array
        (
            [status] => processing
            [count] => 4
        )

    [2] => Array
        (
            [status] => shipped
            [count] => 2
        )

    [3] => Array
        (
            [status] => delivered
            [count] => 49
        )

    [4] => Array
        (
            [status] => cancelled
            [count] => 30
        )

)

[2025-09-25 17:22:50] Existing statuses: Array
(
    [0] => Array
        (
            [status] => delivered
        )

    [1] => Array
        (
            [status] => cancelled
        )

    [2] => Array
        (
            [status] => processing
        )

    [3] => Array
        (
            [status] => shipped
        )

    [4] => Array
        (
            [status] => pending
        )

)

[2025-09-25 17:22:50] Status counts: Array
(
    [0] => Array
        (
            [status] => pending
            [count] => 1
        )

    [1] => Array
        (
            [status] => processing
            [count] => 4
        )

    [2] => Array
        (
            [status] => shipped
            [count] => 2
        )

    [3] => Array
        (
            [status] => delivered
            [count] => 49
        )

    [4] => Array
        (
            [status] => cancelled
            [count] => 30
        )

)

[2025-09-25 17:22:51] Existing statuses: Array
(
    [0] => Array
        (
            [status] => delivered
        )

    [1] => Array
        (
            [status] => cancelled
        )

    [2] => Array
        (
            [status] => processing
        )

    [3] => Array
        (
            [status] => shipped
        )

    [4] => Array
        (
            [status] => pending
        )

)

[2025-09-25 17:22:51] Status counts: Array
(
    [0] => Array
        (
            [status] => pending
            [count] => 1
        )

    [1] => Array
        (
            [status] => processing
            [count] => 4
        )

    [2] => Array
        (
            [status] => shipped
            [count] => 2
        )

    [3] => Array
        (
            [status] => delivered
            [count] => 49
        )

    [4] => Array
        (
            [status] => cancelled
            [count] => 30
        )

)

[2025-09-25 17:22:51] Existing statuses: Array
(
    [0] => Array
        (
            [status] => delivered
        )

    [1] => Array
        (
            [status] => cancelled
        )

    [2] => Array
        (
            [status] => processing
        )

    [3] => Array
        (
            [status] => shipped
        )

    [4] => Array
        (
            [status] => pending
        )

)

[2025-09-25 17:22:51] Status counts: Array
(
    [0] => Array
        (
            [status] => pending
            [count] => 1
        )

    [1] => Array
        (
            [status] => processing
            [count] => 4
        )

    [2] => Array
        (
            [status] => shipped
            [count] => 2
        )

    [3] => Array
        (
            [status] => delivered
            [count] => 49
        )

    [4] => Array
        (
            [status] => cancelled
            [count] => 30
        )

)

[2025-09-25 17:23:00] Existing statuses: Array
(
    [0] => Array
        (
            [status] => delivered
        )

    [1] => Array
        (
            [status] => cancelled
        )

    [2] => Array
        (
            [status] => processing
        )

    [3] => Array
        (
            [status] => shipped
        )

    [4] => Array
        (
            [status] => pending
        )

)

[2025-09-25 17:23:00] Status counts: Array
(
    [0] => Array
        (
            [status] => pending
            [count] => 1
        )

    [1] => Array
        (
            [status] => processing
            [count] => 4
        )

    [2] => Array
        (
            [status] => shipped
            [count] => 2
        )

    [3] => Array
        (
            [status] => delivered
            [count] => 49
        )

    [4] => Array
        (
            [status] => cancelled
            [count] => 30
        )

)

[2025-09-25 17:23:00] Existing statuses: Array
(
    [0] => Array
        (
            [status] => delivered
        )

    [1] => Array
        (
            [status] => cancelled
        )

    [2] => Array
        (
            [status] => processing
        )

    [3] => Array
        (
            [status] => shipped
        )

    [4] => Array
        (
            [status] => pending
        )

)

[2025-09-25 17:23:00] Status counts: Array
(
    [0] => Array
        (
            [status] => pending
            [count] => 1
        )

    [1] => Array
        (
            [status] => processing
            [count] => 4
        )

    [2] => Array
        (
            [status] => shipped
            [count] => 2
        )

    [3] => Array
        (
            [status] => delivered
            [count] => 49
        )

    [4] => Array
        (
            [status] => cancelled
            [count] => 30
        )

)

[2025-09-25 17:23:22] Existing statuses: Array
(
    [0] => Array
        (
            [status] => delivered
        )

    [1] => Array
        (
            [status] => cancelled
        )

    [2] => Array
        (
            [status] => processing
        )

    [3] => Array
        (
            [status] => shipped
        )

    [4] => Array
        (
            [status] => pending
        )

)

[2025-09-25 17:23:22] Status counts: Array
(
    [0] => Array
        (
            [status] => pending
            [count] => 1
        )

    [1] => Array
        (
            [status] => processing
            [count] => 4
        )

    [2] => Array
        (
            [status] => shipped
            [count] => 2
        )

    [3] => Array
        (
            [status] => delivered
            [count] => 49
        )

    [4] => Array
        (
            [status] => cancelled
            [count] => 30
        )

)

[2025-09-25 17:23:22] Existing statuses: Array
(
    [0] => Array
        (
            [status] => delivered
        )

    [1] => Array
        (
            [status] => cancelled
        )

    [2] => Array
        (
            [status] => processing
        )

    [3] => Array
        (
            [status] => shipped
        )

    [4] => Array
        (
            [status] => pending
        )

)

[2025-09-25 17:23:22] Status counts: Array
(
    [0] => Array
        (
            [status] => pending
            [count] => 1
        )

    [1] => Array
        (
            [status] => processing
            [count] => 4
        )

    [2] => Array
        (
            [status] => shipped
            [count] => 2
        )

    [3] => Array
        (
            [status] => delivered
            [count] => 49
        )

    [4] => Array
        (
            [status] => cancelled
            [count] => 30
        )

)

[2025-09-25 17:23:22] Existing statuses: Array
(
    [0] => Array
        (
            [status] => delivered
        )

    [1] => Array
        (
            [status] => cancelled
        )

    [2] => Array
        (
            [status] => processing
        )

    [3] => Array
        (
            [status] => shipped
        )

    [4] => Array
        (
            [status] => pending
        )

)

[2025-09-25 17:23:22] Status counts: Array
(
    [0] => Array
        (
            [status] => pending
            [count] => 1
        )

    [1] => Array
        (
            [status] => processing
            [count] => 4
        )

    [2] => Array
        (
            [status] => shipped
            [count] => 2
        )

    [3] => Array
        (
            [status] => delivered
            [count] => 49
        )

    [4] => Array
        (
            [status] => cancelled
            [count] => 30
        )

)

[2025-09-25 17:23:23] Existing statuses: Array
(
    [0] => Array
        (
            [status] => delivered
        )

    [1] => Array
        (
            [status] => cancelled
        )

    [2] => Array
        (
            [status] => processing
        )

    [3] => Array
        (
            [status] => shipped
        )

    [4] => Array
        (
            [status] => pending
        )

)

[2025-09-25 17:23:23] Status counts: Array
(
    [0] => Array
        (
            [status] => pending
            [count] => 1
        )

    [1] => Array
        (
            [status] => processing
            [count] => 4
        )

    [2] => Array
        (
            [status] => shipped
            [count] => 2
        )

    [3] => Array
        (
            [status] => delivered
            [count] => 49
        )

    [4] => Array
        (
            [status] => cancelled
            [count] => 30
        )

)

[2025-09-25 17:23:53] Existing statuses: Array
(
    [0] => Array
        (
            [status] => delivered
        )

    [1] => Array
        (
            [status] => cancelled
        )

    [2] => Array
        (
            [status] => processing
        )

    [3] => Array
        (
            [status] => shipped
        )

    [4] => Array
        (
            [status] => pending
        )

)

[2025-09-25 17:23:53] Status counts: Array
(
    [0] => Array
        (
            [status] => pending
            [count] => 1
        )

    [1] => Array
        (
            [status] => processing
            [count] => 4
        )

    [2] => Array
        (
            [status] => shipped
            [count] => 2
        )

    [3] => Array
        (
            [status] => delivered
            [count] => 49
        )

    [4] => Array
        (
            [status] => cancelled
            [count] => 30
        )

)

[2025-09-25 17:23:53] Existing statuses: Array
(
    [0] => Array
        (
            [status] => delivered
        )

    [1] => Array
        (
            [status] => cancelled
        )

    [2] => Array
        (
            [status] => processing
        )

    [3] => Array
        (
            [status] => shipped
        )

    [4] => Array
        (
            [status] => pending
        )

)

[2025-09-25 17:23:53] Status counts: Array
(
    [0] => Array
        (
            [status] => pending
            [count] => 1
        )

    [1] => Array
        (
            [status] => processing
            [count] => 4
        )

    [2] => Array
        (
            [status] => shipped
            [count] => 2
        )

    [3] => Array
        (
            [status] => delivered
            [count] => 49
        )

    [4] => Array
        (
            [status] => cancelled
            [count] => 30
        )

)

[2025-09-25 17:24:23] Existing statuses: Array
(
    [0] => Array
        (
            [status] => delivered
        )

    [1] => Array
        (
            [status] => cancelled
        )

    [2] => Array
        (
            [status] => processing
        )

    [3] => Array
        (
            [status] => shipped
        )

    [4] => Array
        (
            [status] => pending
        )

)

[2025-09-25 17:24:23] Status counts: Array
(
    [0] => Array
        (
            [status] => pending
            [count] => 1
        )

    [1] => Array
        (
            [status] => processing
            [count] => 4
        )

    [2] => Array
        (
            [status] => shipped
            [count] => 2
        )

    [3] => Array
        (
            [status] => delivered
            [count] => 49
        )

    [4] => Array
        (
            [status] => cancelled
            [count] => 30
        )

)

[2025-09-25 17:24:23] Existing statuses: Array
(
    [0] => Array
        (
            [status] => delivered
        )

    [1] => Array
        (
            [status] => cancelled
        )

    [2] => Array
        (
            [status] => processing
        )

    [3] => Array
        (
            [status] => shipped
        )

    [4] => Array
        (
            [status] => pending
        )

)

[2025-09-25 17:24:23] Status counts: Array
(
    [0] => Array
        (
            [status] => pending
            [count] => 1
        )

    [1] => Array
        (
            [status] => processing
            [count] => 4
        )

    [2] => Array
        (
            [status] => shipped
            [count] => 2
        )

    [3] => Array
        (
            [status] => delivered
            [count] => 49
        )

    [4] => Array
        (
            [status] => cancelled
            [count] => 30
        )

)

[2025-09-25 17:24:53] Existing statuses: Array
(
    [0] => Array
        (
            [status] => delivered
        )

    [1] => Array
        (
            [status] => cancelled
        )

    [2] => Array
        (
            [status] => processing
        )

    [3] => Array
        (
            [status] => shipped
        )

    [4] => Array
        (
            [status] => pending
        )

)

[2025-09-25 17:24:53] Status counts: Array
(
    [0] => Array
        (
            [status] => pending
            [count] => 1
        )

    [1] => Array
        (
            [status] => processing
            [count] => 4
        )

    [2] => Array
        (
            [status] => shipped
            [count] => 2
        )

    [3] => Array
        (
            [status] => delivered
            [count] => 49
        )

    [4] => Array
        (
            [status] => cancelled
            [count] => 30
        )

)

[2025-09-25 17:24:54] Existing statuses: Array
(
    [0] => Array
        (
            [status] => delivered
        )

    [1] => Array
        (
            [status] => cancelled
        )

    [2] => Array
        (
            [status] => processing
        )

    [3] => Array
        (
            [status] => shipped
        )

    [4] => Array
        (
            [status] => pending
        )

)

[2025-09-25 17:24:54] Status counts: Array
(
    [0] => Array
        (
            [status] => pending
            [count] => 1
        )

    [1] => Array
        (
            [status] => processing
            [count] => 4
        )

    [2] => Array
        (
            [status] => shipped
            [count] => 2
        )

    [3] => Array
        (
            [status] => delivered
            [count] => 49
        )

    [4] => Array
        (
            [status] => cancelled
            [count] => 30
        )

)

[2025-09-25 17:25:23] Existing statuses: Array
(
    [0] => Array
        (
            [status] => delivered
        )

    [1] => Array
        (
            [status] => cancelled
        )

    [2] => Array
        (
            [status] => processing
        )

    [3] => Array
        (
            [status] => shipped
        )

    [4] => Array
        (
            [status] => pending
        )

)

[2025-09-25 17:25:23] Status counts: Array
(
    [0] => Array
        (
            [status] => pending
            [count] => 1
        )

    [1] => Array
        (
            [status] => processing
            [count] => 4
        )

    [2] => Array
        (
            [status] => shipped
            [count] => 2
        )

    [3] => Array
        (
            [status] => delivered
            [count] => 49
        )

    [4] => Array
        (
            [status] => cancelled
            [count] => 30
        )

)

[2025-09-25 17:25:23] Existing statuses: Array
(
    [0] => Array
        (
            [status] => delivered
        )

    [1] => Array
        (
            [status] => cancelled
        )

    [2] => Array
        (
            [status] => processing
        )

    [3] => Array
        (
            [status] => shipped
        )

    [4] => Array
        (
            [status] => pending
        )

)

[2025-09-25 17:25:23] Status counts: Array
(
    [0] => Array
        (
            [status] => pending
            [count] => 1
        )

    [1] => Array
        (
            [status] => processing
            [count] => 4
        )

    [2] => Array
        (
            [status] => shipped
            [count] => 2
        )

    [3] => Array
        (
            [status] => delivered
            [count] => 49
        )

    [4] => Array
        (
            [status] => cancelled
            [count] => 30
        )

)

[2025-09-25 17:25:52] Existing statuses: Array
(
    [0] => Array
        (
            [status] => delivered
        )

    [1] => Array
        (
            [status] => cancelled
        )

    [2] => Array
        (
            [status] => processing
        )

    [3] => Array
        (
            [status] => shipped
        )

    [4] => Array
        (
            [status] => pending
        )

)

[2025-09-25 17:25:52] Status counts: Array
(
    [0] => Array
        (
            [status] => pending
            [count] => 1
        )

    [1] => Array
        (
            [status] => processing
            [count] => 4
        )

    [2] => Array
        (
            [status] => shipped
            [count] => 2
        )

    [3] => Array
        (
            [status] => delivered
            [count] => 49
        )

    [4] => Array
        (
            [status] => cancelled
            [count] => 30
        )

)

[2025-09-25 17:25:52] Existing statuses: Array
(
    [0] => Array
        (
            [status] => delivered
        )

    [1] => Array
        (
            [status] => cancelled
        )

    [2] => Array
        (
            [status] => processing
        )

    [3] => Array
        (
            [status] => shipped
        )

    [4] => Array
        (
            [status] => pending
        )

)

[2025-09-25 17:25:52] Status counts: Array
(
    [0] => Array
        (
            [status] => pending
            [count] => 1
        )

    [1] => Array
        (
            [status] => processing
            [count] => 4
        )

    [2] => Array
        (
            [status] => shipped
            [count] => 2
        )

    [3] => Array
        (
            [status] => delivered
            [count] => 49
        )

    [4] => Array
        (
            [status] => cancelled
            [count] => 30
        )

)

[2025-09-25 17:25:55] Existing statuses: Array
(
    [0] => Array
        (
            [status] => delivered
        )

    [1] => Array
        (
            [status] => cancelled
        )

    [2] => Array
        (
            [status] => processing
        )

    [3] => Array
        (
            [status] => shipped
        )

    [4] => Array
        (
            [status] => pending
        )

)

[2025-09-25 17:25:55] Status counts: Array
(
    [0] => Array
        (
            [status] => pending
            [count] => 1
        )

    [1] => Array
        (
            [status] => processing
            [count] => 4
        )

    [2] => Array
        (
            [status] => shipped
            [count] => 2
        )

    [3] => Array
        (
            [status] => delivered
            [count] => 49
        )

    [4] => Array
        (
            [status] => cancelled
            [count] => 30
        )

)

[2025-09-25 17:25:55] Existing statuses: Array
(
    [0] => Array
        (
            [status] => delivered
        )

    [1] => Array
        (
            [status] => cancelled
        )

    [2] => Array
        (
            [status] => processing
        )

    [3] => Array
        (
            [status] => shipped
        )

    [4] => Array
        (
            [status] => pending
        )

)

[2025-09-25 17:25:55] Status counts: Array
(
    [0] => Array
        (
            [status] => pending
            [count] => 1
        )

    [1] => Array
        (
            [status] => processing
            [count] => 4
        )

    [2] => Array
        (
            [status] => shipped
            [count] => 2
        )

    [3] => Array
        (
            [status] => delivered
            [count] => 49
        )

    [4] => Array
        (
            [status] => cancelled
            [count] => 30
        )

)

